This file contains any messages produced by compilers while
running configure, to aid debugging if configure makes a mistake.

It was created by dfu-util configure 0.9, which was
generated by GNU Autoconf 2.69.  Invocation command line was

  $ ./configure 

## --------- ##
## Platform. ##
## --------- ##

hostname = John1
uname -m = x86_64
uname -r = 5.7.0-1-amd64
uname -s = Linux
uname -v = #1 SMP Debian 5.7.6-1 (2020-06-24)

/usr/bin/uname -p = unknown
/bin/uname -X     = unknown

/bin/arch              = x86_64
/usr/bin/arch -k       = unknown
/usr/convex/getsysinfo = unknown
/usr/bin/hostinfo      = unknown
/bin/machine           = unknown
/usr/bin/oslevel       = unknown
/bin/universe          = unknown

PATH: /usr/local/bin
PATH: /usr/bin
PATH: /bin
PATH: /usr/local/games
PATH: /usr/games
PATH: /home/johnson/.platformio/penv/bin


## ----------- ##
## Core tests. ##
## ----------- ##

configure:2267: checking for a BSD-compatible install
configure:2335: result: /usr/bin/install -c
configure:2346: checking whether build environment is sane
configure:2401: result: yes
configure:2550: checking for a thread-safe mkdir -p
configure:2589: result: /usr/bin/mkdir -p
configure:2596: checking for gawk
configure:2612: found /usr/bin/gawk
configure:2623: result: gawk
configure:2634: checking whether make sets $(MAKE)
configure:2656: result: yes
configure:2685: checking whether make supports nested variables
configure:2702: result: yes
configure:2843: checking whether make supports nested variables
configure:2860: result: yes
configure:2921: checking for gcc
configure:2937: found /usr/bin/gcc
configure:2948: result: gcc
configure:3177: checking for C compiler version
configure:3186: gcc --version >&5
gcc (Debian 9.3.0-15) 9.3.0
Copyright (C) 2019 Free Software Foundation, Inc.
This is free software; see the source for copying conditions.  There is NO
warranty; not even for MERCHANTABILITY or FITNESS FOR A PARTICULAR PURPOSE.

configure:3197: $? = 0
configure:3186: gcc -v >&5
Using built-in specs.
COLLECT_GCC=gcc
COLLECT_LTO_WRAPPER=/usr/lib/gcc/x86_64-linux-gnu/9/lto-wrapper
OFFLOAD_TARGET_NAMES=nvptx-none:hsa
OFFLOAD_TARGET_DEFAULT=1
Target: x86_64-linux-gnu
Configured with: ../src/configure -v --with-pkgversion='Debian 9.3.0-15' --with-bugurl=file:///usr/share/doc/gcc-9/README.Bugs --enable-languages=c,ada,c++,go,brig,d,fortran,objc,obj-c++,gm2 --prefix=/usr --with-gcc-major-version-only --program-suffix=-9 --program-prefix=x86_64-linux-gnu- --enable-shared --enable-linker-build-id --libexecdir=/usr/lib --without-included-gettext --enable-threads=posix --libdir=/usr/lib --enable-nls --enable-bootstrap --enable-clocale=gnu --enable-libstdcxx-debug --enable-libstdcxx-time=yes --with-default-libstdcxx-abi=new --enable-gnu-unique-object --disable-vtable-verify --enable-plugin --enable-default-pie --with-system-zlib --with-target-system-zlib=auto --enable-objc-gc=auto --enable-multiarch --disable-werror --with-arch-32=i686 --with-abi=m64 --with-multilib-list=m32,m64,mx32 --enable-multilib --with-tune=generic --enable-offload-targets=nvptx-none=/build/gcc-9-0xEOmg/gcc-9-9.3.0/debian/tmp-nvptx/usr,hsa --without-cuda-driver --enable-checking=release --build=x86_64-linux-gnu --host=x86_64-linux-gnu --target=x86_64-linux-gnu --with-build-config=bootstrap-lto-lean --enable-link-mutex
Thread model: posix
gcc version 9.3.0 (Debian 9.3.0-15) 
configure:3197: $? = 0
configure:3186: gcc -V >&5
gcc: error: unrecognized command line option '-V'
gcc: fatal error: no input files
compilation terminated.
configure:3197: $? = 1
configure:3186: gcc -qversion >&5
gcc: error: unrecognized command line option '-qversion'; did you mean '--version'?
gcc: fatal error: no input files
compilation terminated.
configure:3197: $? = 1
configure:3217: checking whether the C compiler works
configure:3239: gcc    conftest.c  >&5
configure:3243: $? = 0
configure:3291: result: yes
configure:3294: checking for C compiler default output file name
configure:3296: result: a.out
configure:3302: checking for suffix of executables
configure:3309: gcc -o conftest    conftest.c  >&5
configure:3313: $? = 0
configure:3335: result: 
configure:3357: checking whether we are cross compiling
configure:3365: gcc -o conftest    conftest.c  >&5
configure:3369: $? = 0
configure:3376: ./conftest
configure:3380: $? = 0
configure:3368: result: no
configure:3373: checking for suffix of object files
configure:3395: gcc -c   conftest.c >&5
configure:3399: $? = 0
configure:3420: result: o
configure:3424: checking whether we are using the GNU C compiler
configure:3443: gcc -c   conftest.c >&5
configure:3443: $? = 0
configure:3452: result: yes
configure:3461: checking whether gcc accepts -g
configure:3481: gcc -c -g  conftest.c >&5
configure:3481: $? = 0
configure:3522: result: yes
configure:3539: checking for gcc option to accept ISO C89
configure:3602: gcc  -c -g -O2  conftest.c >&5
configure:3602: $? = 0
configure:3615: result: none needed
configure:3640: checking whether gcc understands -c and -o together
configure:3662: gcc -c conftest.c -o conftest2.o
configure:3665: $? = 0
configure:3662: gcc -c conftest.c -o conftest2.o
configure:3665: $? = 0
configure:3677: result: yes
configure:3697: checking whether make supports the include directive
configure:3712: make -f confmf.GNU && cat confinc.out
this is the am__doit target
configure:3715: $? = 0
configure:3734: result: yes (GNU style)
configure:3759: checking dependency style of gcc
configure:3870: result: gcc3
configure:3889: checking for libusb_init in -lusb
configure:3914: gcc -o conftest -g -O2   conftest.c -lusb   >&5
/usr/bin/ld: cannot find -lusb
collect2: error: ld returned 1 exit status
configure:3914: $? = 1
configure: failed program was:
| /* confdefs.h */
| #define PACKAGE_NAME "dfu-util"
| #define PACKAGE_TARNAME "dfu-util"
| #define PACKAGE_VERSION "0.9"
| #define PACKAGE_STRING "dfu-util 0.9"
| #define PACKAGE_BUGREPORT "http://sourceforge.net/p/dfu-util/tickets/"
| #define PACKAGE_URL "http://dfu-util.sourceforge.net"
| #define PACKAGE "dfu-util"
| #define VERSION "0.9"
| /* end confdefs.h.  */
| 
| /* Override any GCC internal prototype to avoid an error.
|    Use char because int might match the return type of a GCC
|    builtin and then its argument prototype would still apply.  */
| #ifdef __cplusplus
| extern "C"
| #endif
| char libusb_init ();
| int
| main ()
| {
| return libusb_init ();
|   ;
|   return 0;
| }
configure:3923: result: no
configure:3990: checking for pkg-config
configure:4008: found /usr/bin/pkg-config
configure:4020: result: /usr/bin/pkg-config
configure:4045: checking pkg-config is at least version 0.9.0
configure:4048: result: yes
configure:4060: checking for libusb-1.0 >= 1.0.0
configure:4067: $PKG_CONFIG --exists --print-errors "libusb-1.0 >= 1.0.0"
configure:4070: $? = 0
configure:4084: $PKG_CONFIG --exists --print-errors "libusb-1.0 >= 1.0.0"
configure:4087: $? = 0
configure:4125: result: yes
configure:4141: checking how to run the C preprocessor
configure:4172: gcc -E  conftest.c
configure:4172: $? = 0
configure:4186: gcc -E  conftest.c
conftest.c:11:10: fatal error: ac_nonexistent.h: No such file or directory
   11 | #include <ac_nonexistent.h>
      |          ^~~~~~~~~~~~~~~~~~
compilation terminated.
configure:4186: $? = 1
configure: failed program was:
| /* confdefs.h */
| #define PACKAGE_NAME "dfu-util"
| #define PACKAGE_TARNAME "dfu-util"
| #define PACKAGE_VERSION "0.9"
| #define PACKAGE_STRING "dfu-util 0.9"
| #define PACKAGE_BUGREPORT "http://sourceforge.net/p/dfu-util/tickets/"
| #define PACKAGE_URL "http://dfu-util.sourceforge.net"
| #define PACKAGE "dfu-util"
| #define VERSION "0.9"
| /* end confdefs.h.  */
| #include <ac_nonexistent.h>
configure:4211: result: gcc -E
configure:4231: gcc -E  conftest.c
configure:4231: $? = 0
configure:4245: gcc -E  conftest.c
conftest.c:11:10: fatal error: ac_nonexistent.h: No such file or directory
   11 | #include <ac_nonexistent.h>
      |          ^~~~~~~~~~~~~~~~~~
compilation terminated.
configure:4245: $? = 1
configure: failed program was:
| /* confdefs.h */
| #define PACKAGE_NAME "dfu-util"
| #define PACKAGE_TARNAME "dfu-util"
| #define PACKAGE_VERSION "0.9"
| #define PACKAGE_STRING "dfu-util 0.9"
| #define PACKAGE_BUGREPORT "http://sourceforge.net/p/dfu-util/tickets/"
| #define PACKAGE_URL "http://dfu-util.sourceforge.net"
| #define PACKAGE "dfu-util"
| #define VERSION "0.9"
| /* end confdefs.h.  */
| #include <ac_nonexistent.h>
configure:4274: checking for grep that handles long lines and -e
configure:4332: result: /usr/bin/grep
configure:4337: checking for egrep
configure:4399: result: /usr/bin/grep -E
configure:4404: checking for ANSI C header files
configure:4424: gcc -c -g -O2 -I/usr/include/libusb-1.0  conftest.c >&5
configure:4424: $? = 0
configure:4497: gcc -o conftest -g -O2 -I/usr/include/libusb-1.0   conftest.c  -lusb-1.0 >&5
configure:4497: $? = 0
configure:4497: ./conftest
configure:4497: $? = 0
configure:4508: result: yes
configure:4521: checking for sys/types.h
configure:4521: gcc -c -g -O2 -I/usr/include/libusb-1.0  conftest.c >&5
configure:4521: $? = 0
configure:4521: result: yes
configure:4521: checking for sys/stat.h
configure:4521: gcc -c -g -O2 -I/usr/include/libusb-1.0  conftest.c >&5
configure:4521: $? = 0
configure:4521: result: yes
configure:4521: checking for stdlib.h
configure:4521: gcc -c -g -O2 -I/usr/include/libusb-1.0  conftest.c >&5
configure:4521: $? = 0
configure:4521: result: yes
configure:4521: checking for string.h
configure:4521: gcc -c -g -O2 -I/usr/include/libusb-1.0  conftest.c >&5
configure:4521: $? = 0
configure:4521: result: yes
configure:4521: checking for memory.h
configure:4521: gcc -c -g -O2 -I/usr/include/libusb-1.0  conftest.c >&5
configure:4521: $? = 0
configure:4521: result: yes
configure:4521: checking for strings.h
configure:4521: gcc -c -g -O2 -I/usr/include/libusb-1.0  conftest.c >&5
configure:4521: $? = 0
configure:4521: result: yes
configure:4521: checking for inttypes.h
configure:4521: gcc -c -g -O2 -I/usr/include/libusb-1.0  conftest.c >&5
configure:4521: $? = 0
configure:4521: result: yes
configure:4521: checking for stdint.h
configure:4521: gcc -c -g -O2 -I/usr/include/libusb-1.0  conftest.c >&5
configure:4521: $? = 0
configure:4521: result: yes
configure:4521: checking for unistd.h
configure:4521: gcc -c -g -O2 -I/usr/include/libusb-1.0  conftest.c >&5
configure:4521: $? = 0
configure:4521: result: yes
configure:4536: checking windows.h usability
configure:4536: gcc -c -g -O2 -I/usr/include/libusb-1.0  conftest.c >&5
conftest.c:54:10: fatal error: windows.h: No such file or directory
   54 | #include <windows.h>
      |          ^~~~~~~~~~~
compilation terminated.
configure:4536: $? = 1
configure: failed program was:
| /* confdefs.h */
| #define PACKAGE_NAME "dfu-util"
| #define PACKAGE_TARNAME "dfu-util"
| #define PACKAGE_VERSION "0.9"
| #define PACKAGE_STRING "dfu-util 0.9"
| #define PACKAGE_BUGREPORT "http://sourceforge.net/p/dfu-util/tickets/"
| #define PACKAGE_URL "http://dfu-util.sourceforge.net"
| #define PACKAGE "dfu-util"
| #define VERSION "0.9"
| #define STDC_HEADERS 1
| #define HAVE_SYS_TYPES_H 1
| #define HAVE_SYS_STAT_H 1
| #define HAVE_STDLIB_H 1
| #define HAVE_STRING_H 1
| #define HAVE_MEMORY_H 1
| #define HAVE_STRINGS_H 1
| #define HAVE_INTTYPES_H 1
| #define HAVE_STDINT_H 1
| #define HAVE_UNISTD_H 1
| /* end confdefs.h.  */
| #include <stdio.h>
| #ifdef HAVE_SYS_TYPES_H
| # include <sys/types.h>
| #endif
| #ifdef HAVE_SYS_STAT_H
| # include <sys/stat.h>
| #endif
| #ifdef STDC_HEADERS
| # include <stdlib.h>
| # include <stddef.h>
| #else
| # ifdef HAVE_STDLIB_H
| #  include <stdlib.h>
| # endif
| #endif
| #ifdef HAVE_STRING_H
| # if !defined STDC_HEADERS && defined HAVE_MEMORY_H
| #  include <memory.h>
| # endif
| # include <string.h>
| #endif
| #ifdef HAVE_STRINGS_H
| # include <strings.h>
| #endif
| #ifdef HAVE_INTTYPES_H
| # include <inttypes.h>
| #endif
| #ifdef HAVE_STDINT_H
| # include <stdint.h>
| #endif
| #ifdef HAVE_UNISTD_H
| # include <unistd.h>
| #endif
| #include <windows.h>
configure:4536: result: no
configure:4536: checking windows.h presence
configure:4536: gcc -E  conftest.c
conftest.c:21:10: fatal error: windows.h: No such file or directory
   21 | #include <windows.h>
      |          ^~~~~~~~~~~
compilation terminated.
configure:4536: $? = 1
configure: failed program was:
| /* confdefs.h */
| #define PACKAGE_NAME "dfu-util"
| #define PACKAGE_TARNAME "dfu-util"
| #define PACKAGE_VERSION "0.9"
| #define PACKAGE_STRING "dfu-util 0.9"
| #define PACKAGE_BUGREPORT "http://sourceforge.net/p/dfu-util/tickets/"
| #define PACKAGE_URL "http://dfu-util.sourceforge.net"
| #define PACKAGE "dfu-util"
| #define VERSION "0.9"
| #define STDC_HEADERS 1
| #define HAVE_SYS_TYPES_H 1
| #define HAVE_SYS_STAT_H 1
| #define HAVE_STDLIB_H 1
| #define HAVE_STRING_H 1
| #define HAVE_MEMORY_H 1
| #define HAVE_STRINGS_H 1
| #define HAVE_INTTYPES_H 1
| #define HAVE_STDINT_H 1
| #define HAVE_UNISTD_H 1
| /* end confdefs.h.  */
| #include <windows.h>
configure:4536: result: no
configure:4536: checking for windows.h
configure:4536: result: no
configure:4536: checking sysexits.h usability
configure:4536: gcc -c -g -O2 -I/usr/include/libusb-1.0  conftest.c >&5
configure:4536: $? = 0
configure:4536: result: yes
configure:4536: checking sysexits.h presence
configure:4536: gcc -E  conftest.c
configure:4536: $? = 0
configure:4536: result: yes
configure:4536: checking for sysexits.h
configure:4536: result: yes
configure:4536: checking for unistd.h
configure:4536: result: yes
configure:4548: checking for an ANSI C-conforming const
configure:4614: gcc -c -g -O2 -I/usr/include/libusb-1.0  conftest.c >&5
configure:4614: $? = 0
configure:4621: result: yes
configure:4629: checking for size_t
configure:4629: gcc -c -g -O2 -I/usr/include/libusb-1.0  conftest.c >&5
configure:4629: $? = 0
configure:4629: gcc -c -g -O2 -I/usr/include/libusb-1.0  conftest.c >&5
conftest.c: In function 'main':
conftest.c:59:21: error: expected expression before ')' token
   59 | if (sizeof ((size_t)))
      |                     ^
configure:4629: $? = 1
configure: failed program was:
| /* confdefs.h */
| #define PACKAGE_NAME "dfu-util"
| #define PACKAGE_TARNAME "dfu-util"
| #define PACKAGE_VERSION "0.9"
| #define PACKAGE_STRING "dfu-util 0.9"
| #define PACKAGE_BUGREPORT "http://sourceforge.net/p/dfu-util/tickets/"
| #define PACKAGE_URL "http://dfu-util.sourceforge.net"
| #define PACKAGE "dfu-util"
| #define VERSION "0.9"
| #define STDC_HEADERS 1
| #define HAVE_SYS_TYPES_H 1
| #define HAVE_SYS_STAT_H 1
| #define HAVE_STDLIB_H 1
| #define HAVE_STRING_H 1
| #define HAVE_MEMORY_H 1
| #define HAVE_STRINGS_H 1
| #define HAVE_INTTYPES_H 1
| #define HAVE_STDINT_H 1
| #define HAVE_UNISTD_H 1
| #define HAVE_SYSEXITS_H 1
| #define HAVE_UNISTD_H 1
| /* end confdefs.h.  */
| #include <stdio.h>
| #ifdef HAVE_SYS_TYPES_H
| # include <sys/types.h>
| #endif
| #ifdef HAVE_SYS_STAT_H
| # include <sys/stat.h>
| #endif
| #ifdef STDC_HEADERS
| # include <stdlib.h>
| # include <stddef.h>
| #else
| # ifdef HAVE_STDLIB_H
| #  include <stdlib.h>
| # endif
| #endif
| #ifdef HAVE_STRING_H
| # if !defined STDC_HEADERS && defined HAVE_MEMORY_H
| #  include <memory.h>
| # endif
| # include <string.h>
| #endif
| #ifdef HAVE_STRINGS_H
| # include <strings.h>
| #endif
| #ifdef HAVE_INTTYPES_H
| # include <inttypes.h>
| #endif
| #ifdef HAVE_STDINT_H
| # include <stdint.h>
| #endif
| #ifdef HAVE_UNISTD_H
| # include <unistd.h>
| #endif
| int
| main ()
| {
| if (sizeof ((size_t)))
| 	    return 0;
|   ;
|   return 0;
| }
configure:4629: result: yes
configure:4642: checking for working memcmp
configure:4685: gcc -o conftest -g -O2 -I/usr/include/libusb-1.0   conftest.c  -lusb-1.0 >&5
configure:4685: $? = 0
configure:4685: ./conftest
configure:4685: $? = 0
configure:4695: result: yes
configure:4707: checking for getpagesize
configure:4707: gcc -o conftest -g -O2 -I/usr/include/libusb-1.0   conftest.c  -lusb-1.0 >&5
configure:4707: $? = 0
configure:4707: result: yes
configure:4707: checking for nanosleep
configure:4707: gcc -o conftest -g -O2 -I/usr/include/libusb-1.0   conftest.c  -lusb-1.0 >&5
configure:4707: $? = 0
configure:4707: result: yes
configure:4707: checking for err
configure:4707: gcc -o conftest -g -O2 -I/usr/include/libusb-1.0   conftest.c  -lusb-1.0 >&5
configure:4707: $? = 0
configure:4707: result: yes
configure:4820: checking that generated files are newer than configure
configure:4826: result: done
configure:4849: creating ./config.status

## ---------------------- ##
## Running config.status. ##
## ---------------------- ##

This file was extended by dfu-util config.status 0.9, which was
generated by GNU Autoconf 2.69.  Invocation command line was

  CONFIG_FILES    = 
  CONFIG_HEADERS  = 
  CONFIG_LINKS    = 
  CONFIG_COMMANDS = 
  $ ./config.status 

on John1

config.status:862: creating Makefile
config.status:862: creating src/Makefile
config.status:862: creating doc/Makefile
config.status:862: creating config.h
config.status:1091: executing depfiles commands
config.status:1168: cd src       && sed -e '/# am--include-marker/d' Makefile         | make -f - am--depfiles
config.status:1173: $? = 0

## ---------------- ##
## Cache variables. ##
## ---------------- ##

ac_cv_c_compiler_gnu=yes
ac_cv_c_const=yes
ac_cv_env_CC_set=
ac_cv_env_CC_value=
ac_cv_env_CFLAGS_set=
ac_cv_env_CFLAGS_value=
ac_cv_env_CPPFLAGS_set=
ac_cv_env_CPPFLAGS_value=
ac_cv_env_CPP_set=
ac_cv_env_CPP_value=
ac_cv_env_LDFLAGS_set=
ac_cv_env_LDFLAGS_value=
ac_cv_env_LIBS_set=
ac_cv_env_LIBS_value=
ac_cv_env_PKG_CONFIG_LIBDIR_set=
ac_cv_env_PKG_CONFIG_LIBDIR_value=
ac_cv_env_PKG_CONFIG_PATH_set=
ac_cv_env_PKG_CONFIG_PATH_value=
ac_cv_env_PKG_CONFIG_set=
ac_cv_env_PKG_CONFIG_value=
ac_cv_env_USB_CFLAGS_set=
ac_cv_env_USB_CFLAGS_value=
ac_cv_env_USB_LIBS_set=
ac_cv_env_USB_LIBS_value=
ac_cv_env_build_alias_set=
ac_cv_env_build_alias_value=
ac_cv_env_host_alias_set=
ac_cv_env_host_alias_value=
ac_cv_env_target_alias_set=
ac_cv_env_target_alias_value=
ac_cv_func_err=yes
ac_cv_func_getpagesize=yes
ac_cv_func_memcmp_working=yes
ac_cv_func_nanosleep=yes
ac_cv_header_inttypes_h=yes
ac_cv_header_memory_h=yes
ac_cv_header_stdc=yes
ac_cv_header_stdint_h=yes
ac_cv_header_stdlib_h=yes
ac_cv_header_string_h=yes
ac_cv_header_strings_h=yes
ac_cv_header_sys_stat_h=yes
ac_cv_header_sys_types_h=yes
ac_cv_header_sysexits_h=yes
ac_cv_header_unistd_h=yes
ac_cv_header_windows_h=no
ac_cv_lib_usb_libusb_init=no
ac_cv_objext=o
ac_cv_path_EGREP='/usr/bin/grep -E'
ac_cv_path_GREP=/usr/bin/grep
ac_cv_path_ac_pt_PKG_CONFIG=/usr/bin/pkg-config
ac_cv_path_install='/usr/bin/install -c'
ac_cv_path_mkdir=/usr/bin/mkdir
ac_cv_prog_AWK=gawk
ac_cv_prog_CPP='gcc -E'
ac_cv_prog_ac_ct_CC=gcc
ac_cv_prog_cc_c89=
ac_cv_prog_cc_g=yes
ac_cv_prog_make_make_set=yes
ac_cv_type_size_t=yes
am_cv_CC_dependencies_compiler_type=gcc3
am_cv_make_support_nested_variables=yes
am_cv_prog_cc_c_o=yes
pkg_cv_USB_CFLAGS=-I/usr/include/libusb-1.0
pkg_cv_USB_LIBS=-lusb-1.0

## ----------------- ##
## Output variables. ##
## ----------------- ##

ACLOCAL='${SHELL} /home/johnson/dfu-util_20200730/dfu-util-dfu-util/m4/missing aclocal-1.16'
AMDEPBACKSLASH='\'
AMDEP_FALSE='#'
AMDEP_TRUE=''
AMTAR='$${TAR-tar}'
AM_BACKSLASH='\'
AM_DEFAULT_V='$(AM_DEFAULT_VERBOSITY)'
AM_DEFAULT_VERBOSITY='0'
AM_V='$(V)'
AUTOCONF='${SHELL} /home/johnson/dfu-util_20200730/dfu-util-dfu-util/m4/missing autoconf'
AUTOHEADER='${SHELL} /home/johnson/dfu-util_20200730/dfu-util-dfu-util/m4/missing autoheader'
AUTOMAKE='${SHELL} /home/johnson/dfu-util_20200730/dfu-util-dfu-util/m4/missing automake-1.16'
AWK='gawk'
CC='gcc'
CCDEPMODE='depmode=gcc3'
CFLAGS='-g -O2 -I/usr/include/libusb-1.0'
CPP='gcc -E'
CPPFLAGS=''
CYGPATH_W='echo'
DEFS='-DHAVE_CONFIG_H'
DEPDIR='.deps'
ECHO_C=''
ECHO_N='-n'
ECHO_T=''
EGREP='/usr/bin/grep -E'
EXEEXT=''
GREP='/usr/bin/grep'
INSTALL_DATA='${INSTALL} -m 644'
INSTALL_PROGRAM='${INSTALL}'
INSTALL_SCRIPT='${INSTALL}'
INSTALL_STRIP_PROGRAM='$(install_sh) -c -s'
LDFLAGS=''
LIBOBJS=''
LIBS=' -lusb-1.0'
LTLIBOBJS=''
MAKEINFO='${SHELL} /home/johnson/dfu-util_20200730/dfu-util-dfu-util/m4/missing makeinfo'
MKDIR_P='/usr/bin/mkdir -p'
OBJEXT='o'
PACKAGE='dfu-util'
PACKAGE_BUGREPORT='http://sourceforge.net/p/dfu-util/tickets/'
PACKAGE_NAME='dfu-util'
PACKAGE_STRING='dfu-util 0.9'
PACKAGE_TARNAME='dfu-util'
PACKAGE_URL='http://dfu-util.sourceforge.net'
PACKAGE_VERSION='0.9'
PATH_SEPARATOR=':'
PKG_CONFIG='/usr/bin/pkg-config'
PKG_CONFIG_LIBDIR=''
PKG_CONFIG_PATH=''
SET_MAKE=''
SHELL='/bin/bash'
STRIP=''
USB_CFLAGS='-I/usr/include/libusb-1.0'
USB_LIBS='-lusb-1.0'
VERSION='0.9'
ac_ct_CC='gcc'
am__EXEEXT_FALSE=''
am__EXEEXT_TRUE='#'
am__fastdepCC_FALSE='#'
am__fastdepCC_TRUE=''
am__include='include'
am__isrc=''
am__leading_dot='.'
am__nodep='_no'
am__quote=''
am__tar='$${TAR-tar} chof - "$$tardir"'
am__untar='$${TAR-tar} xf -'
bindir='${exec_prefix}/bin'
build_alias=''
datadir='${datarootdir}'
datarootdir='${prefix}/share'
docdir='${datarootdir}/doc/${PACKAGE_TARNAME}'
dvidir='${docdir}'
exec_prefix='${prefix}'
host_alias=''
htmldir='${docdir}'
includedir='${prefix}/include'
infodir='${datarootdir}/info'
install_sh='${SHELL} /home/johnson/dfu-util_20200730/dfu-util-dfu-util/m4/install-sh'
libdir='${exec_prefix}/lib'
libexecdir='${exec_prefix}/libexec'
localedir='${datarootdir}/locale'
localstatedir='${prefix}/var'
mandir='${datarootdir}/man'
mkdir_p='$(MKDIR_P)'
oldincludedir='/usr/include'
pdfdir='${docdir}'
prefix='/usr/local'
program_transform_name='s,x,x,'
psdir='${docdir}'
runstatedir='${localstatedir}/run'
sbindir='${exec_prefix}/sbin'
sharedstatedir='${prefix}/com'
sysconfdir='${prefix}/etc'
target_alias=''

## ----------- ##
## confdefs.h. ##
## ----------- ##

/* confdefs.h */
#define PACKAGE_NAME "dfu-util"
#define PACKAGE_TARNAME "dfu-util"
#define PACKAGE_VERSION "0.9"
#define PACKAGE_STRING "dfu-util 0.9"
#define PACKAGE_BUGREPORT "http://sourceforge.net/p/dfu-util/tickets/"
#define PACKAGE_URL "http://dfu-util.sourceforge.net"
#define PACKAGE "dfu-util"
#define VERSION "0.9"
#define STDC_HEADERS 1
#define HAVE_SYS_TYPES_H 1
#define HAVE_SYS_STAT_H 1
#define HAVE_STDLIB_H 1
#define HAVE_STRING_H 1
#define HAVE_MEMORY_H 1
#define HAVE_STRINGS_H 1
#define HAVE_INTTYPES_H 1
#define HAVE_STDINT_H 1
#define HAVE_UNISTD_H 1
#define HAVE_SYSEXITS_H 1
#define HAVE_UNISTD_H 1
#define HAVE_GETPAGESIZE 1
#define HAVE_NANOSLEEP 1
#define HAVE_ERR 1

configure: exit 0
